F:\Study\HandyGitHub\TestGit\STL_USE\Debug\STL_USE.exe
F:\Study\HandyGitHub\TestGit\STL_USE\Debug\STL_USE.ilk
F:\Study\HandyGitHub\TestGit\STL_USE\Debug\STL_USE.pdb
F:\Study\HandyGitHub\TestGit\STL_USE\STL_USE\Debug\cl.command.1.tlog
F:\Study\HandyGitHub\TestGit\STL_USE\STL_USE\Debug\CL.read.1.tlog
F:\Study\HandyGitHub\TestGit\STL_USE\STL_USE\Debug\CL.write.1.tlog
F:\Study\HandyGitHub\TestGit\STL_USE\STL_USE\Debug\link.25612.read.1.tlog
F:\Study\HandyGitHub\TestGit\STL_USE\STL_USE\Debug\link.25612.write.1.tlog
F:\Study\HandyGitHub\TestGit\STL_USE\STL_USE\Debug\link.25612-cvtres.read.1.tlog
F:\Study\HandyGitHub\TestGit\STL_USE\STL_USE\Debug\link.25612-cvtres.write.1.tlog
F:\Study\HandyGitHub\TestGit\STL_USE\STL_USE\Debug\link.26248.read.1.tlog
F:\Study\HandyGitHub\TestGit\STL_USE\STL_USE\Debug\link.26248.write.1.tlog
F:\Study\HandyGitHub\TestGit\STL_USE\STL_USE\Debug\link.26248-cvtres.read.1.tlog
F:\Study\HandyGitHub\TestGit\STL_USE\STL_USE\Debug\link.26248-cvtres.write.1.tlog
F:\Study\HandyGitHub\TestGit\STL_USE\STL_USE\Debug\link.26372.read.1.tlog
F:\Study\HandyGitHub\TestGit\STL_USE\STL_USE\Debug\link.26372.write.1.tlog
F:\Study\HandyGitHub\TestGit\STL_USE\STL_USE\Debug\link.26372-cvtres.read.1.tlog
F:\Study\HandyGitHub\TestGit\STL_USE\STL_USE\Debug\link.26372-cvtres.write.1.tlog
F:\Study\HandyGitHub\TestGit\STL_USE\STL_USE\Debug\link.command.1.tlog
F:\Study\HandyGitHub\TestGit\STL_USE\STL_USE\Debug\link.read.1.tlog
F:\Study\HandyGitHub\TestGit\STL_USE\STL_USE\Debug\link.write.1.tlog
F:\Study\HandyGitHub\TestGit\STL_USE\STL_USE\Debug\link-cvtres.read.1.tlog
F:\Study\HandyGitHub\TestGit\STL_USE\STL_USE\Debug\link-cvtres.write.1.tlog
F:\Study\HandyGitHub\TestGit\STL_USE\STL_USE\Debug\mt.command.1.tlog
F:\Study\HandyGitHub\TestGit\STL_USE\STL_USE\Debug\mt.read.1.tlog
F:\Study\HandyGitHub\TestGit\STL_USE\STL_USE\Debug\mt.write.1.tlog
F:\Study\HandyGitHub\TestGit\STL_USE\STL_USE\Debug\rc.command.1.tlog
F:\Study\HandyGitHub\TestGit\STL_USE\STL_USE\Debug\rc.read.1.tlog
F:\Study\HandyGitHub\TestGit\STL_USE\STL_USE\Debug\rc.write.1.tlog
F:\Study\HandyGitHub\TestGit\STL_USE\STL_USE\Debug\stdafx.obj
F:\Study\HandyGitHub\TestGit\STL_USE\STL_USE\Debug\STL_USE.exe.embed.manifest
F:\Study\HandyGitHub\TestGit\STL_USE\STL_USE\Debug\STL_USE.exe.embed.manifest.res
F:\Study\HandyGitHub\TestGit\STL_USE\STL_USE\Debug\STL_USE.exe.intermediate.manifest
F:\Study\HandyGitHub\TestGit\STL_USE\STL_USE\Debug\STL_USE.obj
F:\Study\HandyGitHub\TestGit\STL_USE\STL_USE\Debug\STL_USE_manifest.rc
F:\Study\HandyGitHub\TestGit\STL_USE\STL_USE\Debug\vc100.idb
F:\STUDY\HANDYGITHUB\TESTGIT\STL_USE\STL_USE\DEBUG\VC100.PDB
F:\STUDY\MYGIT\MYGITTESTPROJ\TESTGIT\STL_USE\DEBUG\STL_USE.EXE
F:\STUDY\MYGIT\MYGITTESTPROJ\TESTGIT\STL_USE\DEBUG\STL_USE.ILK
F:\STUDY\MYGIT\MYGITTESTPROJ\TESTGIT\STL_USE\DEBUG\STL_USE.PDB
F:\STUDY\MYGIT\MYGITTESTPROJ\TESTGIT\STL_USE\STL_USE\DEBUG\STDAFX.OBJ
F:\STUDY\MYGIT\MYGITTESTPROJ\TESTGIT\STL_USE\STL_USE\DEBUG\STL_USE.EXE.EMBED.MANIFEST
F:\STUDY\MYGIT\MYGITTESTPROJ\TESTGIT\STL_USE\STL_USE\DEBUG\STL_USE.EXE.EMBED.MANIFEST.RES
F:\STUDY\MYGIT\MYGITTESTPROJ\TESTGIT\STL_USE\STL_USE\DEBUG\STL_USE.EXE.INTERMEDIATE.MANIFEST
F:\STUDY\MYGIT\MYGITTESTPROJ\TESTGIT\STL_USE\STL_USE\DEBUG\STL_USE.OBJ
F:\STUDY\MYGIT\MYGITTESTPROJ\TESTGIT\STL_USE\STL_USE\DEBUG\STL_USE.PCH
F:\STUDY\MYGIT\MYGITTESTPROJ\TESTGIT\STL_USE\STL_USE\DEBUG\VC100.PDB
