生成启动时间为 12/24/2014 1:30:08 AM。
     1>项目“F:\Study\MyGit\MyGitTestProj\TestGit\SuperLog\SuperLog\SuperLog.vcxproj”在节点 2 上(build 个目标)。
     1>InitializeBuildStatus:
         正在创建“Debug\SuperLog.unsuccessfulbuild”，因为已指定“AlwaysCreate”。
       ClCompile:
         所有输出均为最新。
         D:\installedSe\Microsoft Visual Studio 10.0\VC\bin\CL.exe /c /ZI /nologo /W3 /WX- /Od /Oy- /D WIN32 /D _DEBUG /D _CONSOLE /D _UNICODE /D UNICODE /Gm /EHsc /RTC1 /MDd /GS /fp:precise /Zc:wchar_t /Zc:forScope /Yu"StdAfx.h" /Fp"Debug\SuperLog.pch" /Fo"Debug\\" /Fd"Debug\vc100.pdb" /Gd /TP /analyze- /errorReport:prompt SuperLog.cpp
         SuperLog.cpp
     1>f:\study\mygit\mygittestproj\testgit\superlog\superlog\superlog.cpp(17): warning C4101: “tmp_info”: 未引用的局部变量
       ManifestResourceCompile:
         所有输出均为最新。
       Link:
         D:\installedSe\Microsoft Visual Studio 10.0\VC\bin\link.exe /ERRORREPORT:PROMPT /OUT:"F:\Study\MyGit\MyGitTestProj\TestGit\SuperLog\Debug\SuperLog.exe" /INCREMENTAL /NOLOGO kernel32.lib user32.lib gdi32.lib winspool.lib comdlg32.lib advapi32.lib shell32.lib ole32.lib oleaut32.lib uuid.lib odbc32.lib odbccp32.lib /MANIFEST /ManifestFile:"Debug\SuperLog.exe.intermediate.manifest" /MANIFESTUAC:"level='asInvoker' uiAccess='false'" /DEBUG /PDB:"F:\Study\MyGit\MyGitTestProj\TestGit\SuperLog\Debug\SuperLog.pdb" /SUBSYSTEM:CONSOLE /TLBID:1 /DYNAMICBASE /NXCOMPAT /IMPLIB:"F:\Study\MyGit\MyGitTestProj\TestGit\SuperLog\Debug\SuperLog.lib" /MACHINE:X86 Debug\SuperLog.exe.embed.manifest.res
         Debug\stdafx.obj
         Debug\SuperLog.obj
       Manifest:
         C:\Program Files (x86)\Microsoft SDKs\Windows\v7.0A\bin\mt.exe /nologo /verbose /out:"Debug\SuperLog.exe.embed.manifest" /manifest Debug\SuperLog.exe.intermediate.manifest
         所有输出均为最新。
       LinkEmbedManifest:
         所有输出均为最新。
         SuperLog.vcxproj -> F:\Study\MyGit\MyGitTestProj\TestGit\SuperLog\Debug\SuperLog.exe
       FinalizeBuildStatus:
         正在删除文件“Debug\SuperLog.unsuccessfulbuild”。
         正在对“Debug\SuperLog.lastbuildstate”执行 Touch 任务。
     1>已完成生成项目“F:\Study\MyGit\MyGitTestProj\TestGit\SuperLog\SuperLog\SuperLog.vcxproj”(build 个目标)的操作。

生成成功。

已用时间 00:00:00.82
